2023-11-23 22:03:16,391 - app.api.middleware.middleware - INFO - Incoming request: GET /ws/
2023-11-23 22:03:16,396 - app.api.middleware.middleware - INFO - Outgoing response code: 404
2023-11-23 22:04:13,856 - app.api.middleware.middleware - INFO - Incoming request: GET /ws/tasks
2023-11-23 22:04:13,857 - app.api.middleware.middleware - INFO - Outgoing response code: 404
2023-11-23 22:04:21,611 - app.api.middleware.middleware - INFO - Incoming request: GET /ws/tasks/123
2023-11-23 22:04:21,612 - app.api.middleware.middleware - INFO - Outgoing response code: 404
2023-11-23 22:08:31,560 - app.api.middleware.middleware - INFO - Incoming request: GET /ws/tasks/123
2023-11-23 22:08:31,563 - app.api.middleware.middleware - INFO - Outgoing response code: 404
2023-11-23 22:08:36,373 - app.api.middleware.middleware - INFO - Incoming request: GET /ws/tasks/1
2023-11-23 22:08:36,374 - app.api.middleware.middleware - INFO - Outgoing response code: 404
2023-11-23 22:11:47,160 - app.api.middleware.middleware - INFO - Incoming request: GET /ws/tasks/123
2023-11-23 22:11:47,162 - app.api.middleware.middleware - INFO - Outgoing response code: 404
2023-11-23 22:19:45,973 - app.api.middleware.middleware - INFO - Incoming request: GET /ws/tasks/1
2023-11-23 22:19:46,003 - app.api.middleware.middleware - INFO - Outgoing response code: 404
2023-11-23 22:20:01,134 - app.api.middleware.middleware - INFO - Incoming request: GET /ws/tasks/1
2023-11-23 22:20:01,135 - app.api.middleware.middleware - INFO - Outgoing response code: 404
2023-11-23 22:20:25,665 - app.api.middleware.middleware - INFO - Incoming request: GET /ws/tasks/1
2023-11-23 22:20:25,672 - app.api.middleware.middleware - INFO - Outgoing response code: 404
2023-11-23 22:20:59,041 - app.api.middleware.middleware - INFO - Incoming request: GET /ws/tasks/1
2023-11-23 22:20:59,049 - app.api.middleware.middleware - INFO - Outgoing response code: 404
2023-11-23 22:20:59,882 - app.api.middleware.middleware - INFO - Incoming request: GET /ws/tasks/1
2023-11-23 22:20:59,884 - app.api.middleware.middleware - INFO - Outgoing response code: 404
2023-11-23 22:22:21,815 - app.api.middleware.middleware - INFO - Incoming request: GET /ws/tasks/1
2023-11-23 22:22:21,818 - app.api.middleware.middleware - INFO - Outgoing response code: 404
2023-11-24 21:09:08,013 - app.api.middleware.middleware - INFO - Incoming request: GET /docs
2023-11-24 21:09:08,015 - app.api.middleware.middleware - INFO - Outgoing response code: 200
2023-11-24 21:09:08,510 - app.api.middleware.middleware - INFO - Incoming request: GET /openapi.json
2023-11-24 21:09:08,550 - app.api.middleware.middleware - INFO - Outgoing response code: 200
2023-11-24 21:09:19,556 - app.api.middleware.middleware - INFO - Incoming request: GET /
2023-11-24 21:09:19,560 - app.api.middleware.middleware - INFO - Outgoing response code: 200
2023-11-24 21:11:26,145 - app.api.middleware.middleware - INFO - Incoming request: POST /api/v1/register/
2023-11-24 21:11:26,693 - app.api.middleware.middleware - INFO - Outgoing response code: 201
2023-11-24 21:14:29,842 - app.api.middleware.middleware - INFO - Incoming request: POST /register/
2023-11-24 21:14:29,844 - app.api.middleware.middleware - INFO - Outgoing response code: 404
2023-11-24 21:14:30,002 - app.api.middleware.middleware - INFO - Incoming request: POST /login/
2023-11-24 21:14:30,003 - app.api.middleware.middleware - INFO - Outgoing response code: 404
2023-11-24 21:14:30,013 - app.api.middleware.middleware - INFO - Incoming request: POST /login/
2023-11-24 21:14:30,014 - app.api.middleware.middleware - INFO - Outgoing response code: 404
2023-11-24 21:17:06,576 - app.api.middleware.middleware - INFO - Incoming request: POST /register/
2023-11-24 21:17:06,577 - app.api.middleware.middleware - INFO - Outgoing response code: 404
2023-11-24 21:17:06,733 - app.api.middleware.middleware - INFO - Incoming request: POST /login/
2023-11-24 21:17:06,734 - app.api.middleware.middleware - INFO - Outgoing response code: 404
2023-11-24 21:17:06,744 - app.api.middleware.middleware - INFO - Incoming request: POST /login/
2023-11-24 21:17:06,747 - app.api.middleware.middleware - INFO - Outgoing response code: 404
2023-11-24 21:17:38,432 - app.api.middleware.middleware - INFO - Incoming request: GET /
2023-11-24 21:17:38,434 - app.api.middleware.middleware - INFO - Outgoing response code: 200
2023-11-24 21:18:27,886 - app.api.middleware.middleware - INFO - Incoming request: POST /api/v1/register/
2023-11-24 21:18:28,294 - app.api.middleware.middleware - INFO - Outgoing response code: 201
2023-11-24 21:19:43,473 - app.api.middleware.middleware - INFO - Incoming request: POST /api/v1/register/
2023-11-24 21:19:43,873 - app.api.middleware.middleware - INFO - Outgoing response code: 201
2023-11-24 21:19:43,879 - app.api.middleware.middleware - INFO - Incoming request: POST /api/v1/login/
2023-11-24 21:19:44,522 - app.api.middleware.middleware - INFO - Incoming request: POST /api/v1/login/
2023-11-24 21:21:06,946 - app.api.middleware.middleware - INFO - Incoming request: POST /api/v1/register/
2023-11-24 21:21:07,338 - app.api.middleware.middleware - INFO - Outgoing response code: 201
2023-11-24 21:21:07,345 - app.api.middleware.middleware - INFO - Incoming request: POST /api/v1/login/
2023-11-24 21:21:07,929 - app.api.middleware.middleware - INFO - Incoming request: POST /api/v1/login/
2023-11-24 21:23:45,519 - app.api.middleware.middleware - INFO - Incoming request: POST /api/v1/register/
2023-11-24 21:23:45,936 - app.api.middleware.middleware - INFO - Outgoing response code: 201
2023-11-24 21:23:45,947 - app.api.middleware.middleware - INFO - Incoming request: POST /api/v1/login/
2023-11-24 21:23:46,609 - app.api.middleware.middleware - INFO - Incoming request: POST /api/v1/login/
2023-11-24 21:26:11,928 - app.api.middleware.middleware - INFO - Incoming request: POST /api/v1/register/
2023-11-24 21:26:12,330 - app.api.middleware.middleware - INFO - Outgoing response code: 201
2023-11-24 21:26:12,342 - app.api.middleware.middleware - INFO - Incoming request: POST /api/v1/login/
2023-11-24 21:26:12,970 - app.api.middleware.middleware - INFO - Incoming request: POST /api/v1/login/
2023-11-24 21:39:20,705 - app.api.middleware.middleware - INFO - Incoming request: POST /api/v1/register/
2023-11-24 21:39:21,106 - app.api.middleware.middleware - INFO - Outgoing response code: 201
2023-11-24 21:39:21,245 - app.api.middleware.middleware - INFO - Incoming request: POST /api/v1/login/
2023-11-24 21:39:21,747 - app.api.middleware.middleware - INFO - Incoming request: POST /api/v1/login/
2023-11-24 21:42:33,354 - app.api.middleware.middleware - INFO - Incoming request: POST /api/v1/register/
2023-11-24 21:42:33,754 - app.api.middleware.middleware - INFO - Outgoing response code: 201
2023-11-24 21:42:33,886 - app.api.middleware.middleware - INFO - Incoming request: POST /api/v1/login/
2023-11-24 21:42:34,393 - app.api.middleware.middleware - INFO - Incoming request: POST /api/v1/login/
2023-11-24 21:50:23,766 - app.api.middleware.middleware - INFO - Incoming request: GET /
2023-11-24 21:50:23,769 - app.api.middleware.middleware - INFO - Outgoing response code: 200
2023-11-24 21:50:23,778 - app.api.middleware.middleware - INFO - Incoming request: POST /api/v1/register/
2023-11-24 21:50:24,198 - app.api.middleware.middleware - INFO - Outgoing response code: 201
2023-11-24 21:52:51,289 - app.api.middleware.middleware - INFO - Incoming request: POST /api/v1/register/
2023-11-24 21:52:51,670 - app.api.middleware.middleware - INFO - Outgoing response code: 201
2023-11-24 21:52:51,672 - app.api.middleware.middleware - INFO - Incoming request: POST /api/v1/login/
2023-11-24 21:52:51,994 - app.api.middleware.middleware - INFO - Outgoing response code: 401
2023-11-24 21:54:25,184 - app.api.middleware.middleware - INFO - Incoming request: GET /docs
2023-11-24 21:54:25,186 - app.api.middleware.middleware - INFO - Outgoing response code: 200
2023-11-24 21:54:25,439 - app.api.middleware.middleware - INFO - Incoming request: GET /openapi.json
2023-11-24 21:54:25,474 - app.api.middleware.middleware - INFO - Outgoing response code: 200
2023-11-24 21:54:41,031 - app.api.middleware.middleware - INFO - Incoming request: POST /api/v1/register/
2023-11-24 21:54:41,436 - app.api.middleware.middleware - INFO - Outgoing response code: 201
2023-11-24 21:54:56,379 - app.api.middleware.middleware - INFO - Incoming request: POST /api/v1/login/
2023-11-24 21:54:56,721 - app.api.middleware.middleware - INFO - Outgoing response code: 401
2023-11-24 21:55:26,299 - app.api.middleware.middleware - INFO - Incoming request: POST /api/v1/login/
2023-11-24 21:55:26,602 - app.api.middleware.middleware - INFO - Outgoing response code: 401
2023-11-24 21:55:34,338 - app.api.middleware.middleware - INFO - Incoming request: POST /api/v1/login/
2023-11-24 21:55:34,677 - app.api.middleware.middleware - INFO - Outgoing response code: 401
2023-11-24 21:55:37,675 - app.api.middleware.middleware - INFO - Incoming request: POST /api/v1/login/
2023-11-24 21:55:38,005 - app.api.middleware.middleware - INFO - Outgoing response code: 401
2023-11-24 21:57:47,302 - app.api.middleware.middleware - INFO - Incoming request: POST /api/v1/register/
2023-11-24 21:57:47,673 - app.api.middleware.middleware - INFO - Outgoing response code: 201
2023-11-24 21:58:21,482 - app.api.middleware.middleware - INFO - Incoming request: POST /api/v1/login/
2023-11-24 21:58:21,816 - app.api.middleware.middleware - INFO - Outgoing response code: 200
2023-11-24 21:58:56,592 - app.api.middleware.middleware - INFO - Incoming request: POST /api/v1/register/
2023-11-24 21:58:56,933 - app.api.middleware.middleware - INFO - Outgoing response code: 201
2023-11-24 21:59:36,837 - app.api.middleware.middleware - INFO - Incoming request: POST /api/v1/login/
2023-11-24 21:59:37,179 - app.api.middleware.middleware - INFO - Outgoing response code: 200
2023-11-24 22:00:16,872 - app.api.middleware.middleware - INFO - Incoming request: POST /api/v1/register/
2023-11-24 22:00:17,257 - app.api.middleware.middleware - INFO - Outgoing response code: 201
2023-11-24 22:00:17,259 - app.api.middleware.middleware - INFO - Incoming request: POST /api/v1/login/
2023-11-24 22:00:17,561 - app.api.middleware.middleware - INFO - Outgoing response code: 401
2023-11-24 22:05:54,720 - app.api.middleware.middleware - INFO - Incoming request: POST /api/v1/register/
2023-11-24 22:05:55,123 - app.api.middleware.middleware - INFO - Outgoing response code: 201
2023-11-24 22:05:55,277 - app.api.middleware.middleware - INFO - Incoming request: POST /api/v1/login/
2023-11-24 22:05:55,797 - app.api.middleware.middleware - INFO - Incoming request: POST /api/v1/register/
2023-11-24 22:05:56,478 - app.api.middleware.middleware - INFO - Incoming request: POST /api/v1/login/
2023-11-24 22:06:49,004 - app.api.middleware.middleware - INFO - Incoming request: POST /api/v1/register/
2023-11-24 22:06:49,375 - app.api.middleware.middleware - INFO - Outgoing response code: 201
2023-11-24 22:06:49,506 - app.api.middleware.middleware - INFO - Incoming request: POST /api/v1/login/
2023-11-24 22:06:50,021 - app.api.middleware.middleware - INFO - Incoming request: POST /api/v1/register/
2023-11-24 22:06:50,699 - app.api.middleware.middleware - INFO - Incoming request: POST /api/v1/login/
2023-11-24 22:13:50,468 - app.api.middleware.middleware - INFO - Incoming request: GET /
2023-11-24 22:13:50,470 - app.api.middleware.middleware - INFO - Outgoing response code: 200
2023-11-24 22:13:50,478 - app.api.middleware.middleware - INFO - Incoming request: POST /api/v1/register/
2023-11-24 22:13:50,878 - app.api.middleware.middleware - INFO - Outgoing response code: 201
2023-11-24 22:13:50,883 - app.api.middleware.middleware - INFO - Incoming request: POST /api/v1/login/
2023-11-24 22:14:27,746 - app.api.middleware.middleware - INFO - Incoming request: GET /
2023-11-24 22:14:27,748 - app.api.middleware.middleware - INFO - Outgoing response code: 200
2023-11-24 22:14:27,754 - app.api.middleware.middleware - INFO - Incoming request: POST /api/v1/register/
2023-11-24 22:14:28,159 - app.api.middleware.middleware - INFO - Outgoing response code: 201
2023-11-24 22:14:28,166 - app.api.middleware.middleware - INFO - Incoming request: POST /api/v1/login/
2023-11-24 22:17:28,489 - app.api.middleware.middleware - INFO - Incoming request: GET /
2023-11-24 22:17:28,493 - app.api.middleware.middleware - INFO - Outgoing response code: 200
2023-11-24 22:20:47,983 - app.api.middleware.middleware - INFO - Incoming request: GET /
2023-11-24 22:20:47,987 - app.api.middleware.middleware - INFO - Outgoing response code: 200
2023-11-24 22:20:47,994 - app.api.middleware.middleware - INFO - Incoming request: POST /api/v1/register/
2023-11-24 22:20:48,399 - app.api.middleware.middleware - INFO - Outgoing response code: 201
2023-11-24 22:20:48,403 - app.api.middleware.middleware - INFO - Incoming request: POST /api/v1/login/
2023-11-24 22:22:56,794 - app.api.middleware.middleware - INFO - Incoming request: GET /
2023-11-24 22:22:56,799 - app.api.middleware.middleware - INFO - Outgoing response code: 200
2023-11-24 22:22:56,807 - app.api.middleware.middleware - INFO - Incoming request: POST /api/v1/register/
2023-11-24 22:22:57,213 - app.api.middleware.middleware - INFO - Outgoing response code: 201
2023-11-24 22:22:57,220 - app.api.middleware.middleware - INFO - Incoming request: POST /api/v1/login/
2023-11-24 22:27:00,767 - app.api.middleware.middleware - INFO - Incoming request: POST /api/v1/register/
2023-11-24 22:27:01,174 - app.api.middleware.middleware - INFO - Outgoing response code: 201
2023-11-24 22:27:01,180 - app.api.middleware.middleware - INFO - Incoming request: POST /api/v1/register/
2023-11-24 22:28:49,270 - app.api.middleware.middleware - INFO - Incoming request: GET /
2023-11-24 22:28:49,274 - app.api.middleware.middleware - INFO - Outgoing response code: 200
2023-11-24 22:28:49,282 - app.api.middleware.middleware - INFO - Incoming request: POST /api/v1/register/
2023-11-24 22:28:49,685 - app.api.middleware.middleware - INFO - Outgoing response code: 201
2023-11-24 22:28:49,814 - app.api.middleware.middleware - INFO - Incoming request: POST /api/v1/login/
2023-11-24 22:30:43,732 - app.api.middleware.middleware - INFO - Incoming request: GET /
2023-11-24 22:30:43,735 - app.api.middleware.middleware - INFO - Outgoing response code: 200
2023-11-24 22:30:43,743 - app.api.middleware.middleware - INFO - Incoming request: POST /api/v1/register/
2023-11-24 22:30:44,145 - app.api.middleware.middleware - INFO - Outgoing response code: 201
2023-11-24 22:30:44,151 - app.api.middleware.middleware - INFO - Incoming request: POST /api/v1/login/
2023-11-24 22:34:41,065 - app.api.middleware.middleware - INFO - Incoming request: GET /
2023-11-24 22:34:41,068 - app.api.middleware.middleware - INFO - Outgoing response code: 200
2023-11-24 22:34:41,075 - app.api.middleware.middleware - INFO - Incoming request: POST /api/v1/register/
2023-11-24 22:34:41,474 - app.api.middleware.middleware - INFO - Outgoing response code: 201
2023-11-24 22:34:41,478 - app.api.middleware.middleware - INFO - Incoming request: POST /api/v1/login/
2023-11-24 22:36:19,735 - app.api.middleware.middleware - INFO - Incoming request: POST /api/v1/register/
2023-11-24 22:36:20,127 - app.api.middleware.middleware - INFO - Outgoing response code: 201
2023-11-24 22:38:12,878 - app.api.middleware.middleware - INFO - Incoming request: POST /api/v1/register/
2023-11-24 22:38:13,257 - app.api.middleware.middleware - INFO - Outgoing response code: 201
2023-11-24 22:38:13,262 - app.api.middleware.middleware - INFO - Incoming request: POST /api/v1/login/
2023-11-24 22:40:05,849 - app.api.middleware.middleware - INFO - Incoming request: POST /api/v1/register/
2023-11-24 22:40:06,255 - app.api.middleware.middleware - INFO - Outgoing response code: 201
2023-11-24 22:41:45,452 - app.api.middleware.middleware - INFO - Incoming request: GET /
2023-11-24 22:41:45,460 - app.api.middleware.middleware - INFO - Outgoing response code: 200
2023-11-24 22:41:45,468 - app.api.middleware.middleware - INFO - Incoming request: POST /api/v1/register/
2023-11-24 22:41:45,869 - app.api.middleware.middleware - INFO - Outgoing response code: 201
2023-11-24 22:41:45,997 - app.api.middleware.middleware - INFO - Incoming request: POST /api/v1/login/
2023-11-24 22:41:46,509 - app.api.middleware.middleware - INFO - Incoming request: POST /api/v1/tasks/
2023-11-24 22:41:46,511 - app.api.middleware.middleware - INFO - Outgoing response code: 401
2023-11-24 22:41:46,522 - app.api.middleware.middleware - INFO - Incoming request: GET /api/v1/tasks/999
2023-11-24 22:41:46,524 - app.api.middleware.middleware - INFO - Outgoing response code: 401
2023-11-24 22:43:21,745 - app.api.middleware.middleware - INFO - Incoming request: GET /docs
2023-11-24 22:43:21,746 - app.api.middleware.middleware - INFO - Outgoing response code: 200
2023-11-24 22:43:21,963 - app.api.middleware.middleware - INFO - Incoming request: GET /openapi.json
2023-11-24 22:43:21,992 - app.api.middleware.middleware - INFO - Outgoing response code: 200
2023-11-24 22:43:40,391 - app.api.middleware.middleware - INFO - Incoming request: POST /api/v1/register/
2023-11-24 22:43:40,798 - app.api.middleware.middleware - INFO - Outgoing response code: 201
2023-11-24 22:45:06,696 - app.api.middleware.middleware - INFO - Incoming request: POST /api/v1/login/
2023-11-24 22:45:07,040 - app.api.middleware.middleware - INFO - Outgoing response code: 200
2023-11-24 22:47:03,842 - app.api.middleware.middleware - INFO - Incoming request: GET /
2023-11-24 22:47:03,846 - app.api.middleware.middleware - INFO - Outgoing response code: 200
2023-11-24 22:47:03,853 - app.api.middleware.middleware - INFO - Incoming request: POST /api/v1/register/
2023-11-24 22:47:04,239 - app.api.middleware.middleware - INFO - Outgoing response code: 201
2023-11-24 22:47:04,366 - app.api.middleware.middleware - INFO - Incoming request: POST /api/v1/login/
2023-11-24 22:47:04,911 - app.api.middleware.middleware - INFO - Incoming request: POST /api/v1/tasks/
2023-11-24 22:47:04,931 - app.api.middleware.middleware - INFO - Outgoing response code: 401
2023-11-24 22:47:04,982 - app.api.middleware.middleware - INFO - Incoming request: GET /api/v1/tasks/999
2023-11-24 22:47:04,987 - app.api.middleware.middleware - INFO - Outgoing response code: 401
2023-11-24 22:53:19,338 - app.api.middleware.middleware - INFO - Incoming request: GET /
2023-11-24 22:53:19,342 - app.api.middleware.middleware - INFO - Outgoing response code: 200
2023-11-24 22:53:19,350 - app.api.middleware.middleware - INFO - Incoming request: POST /api/v1/register/
2023-11-24 22:53:19,749 - app.api.middleware.middleware - INFO - Outgoing response code: 201
2023-11-24 22:53:19,762 - app.api.middleware.middleware - INFO - Incoming request: POST /api/v1/tasks/
2023-11-24 22:53:19,765 - app.api.middleware.middleware - INFO - Outgoing response code: 401
2023-11-24 22:53:19,900 - app.api.middleware.middleware - INFO - Incoming request: GET /api/v1/tasks/999
2023-11-24 22:53:19,901 - app.api.middleware.middleware - INFO - Outgoing response code: 401
2023-11-24 22:53:58,053 - app.api.middleware.middleware - INFO - Incoming request: GET /docs
2023-11-24 22:53:58,055 - app.api.middleware.middleware - INFO - Outgoing response code: 200
2023-11-24 22:53:58,247 - app.api.middleware.middleware - INFO - Incoming request: GET /openapi.json
2023-11-24 22:53:58,285 - app.api.middleware.middleware - INFO - Outgoing response code: 200
2023-11-24 22:54:04,669 - app.api.middleware.middleware - INFO - Incoming request: POST /api/v1/register/
2023-11-24 22:54:05,245 - app.api.middleware.middleware - INFO - Outgoing response code: 201
2023-11-24 22:54:20,850 - app.api.middleware.middleware - INFO - Incoming request: POST /api/v1/login/
2023-11-24 22:54:21,192 - app.api.middleware.middleware - INFO - Outgoing response code: 200
2023-11-24 22:54:34,934 - app.api.middleware.middleware - INFO - Incoming request: POST /api/v1/login/
2023-11-24 22:54:35,330 - app.api.middleware.middleware - INFO - Outgoing response code: 200
2023-11-24 22:55:50,371 - app.api.middleware.middleware - INFO - Incoming request: GET /
2023-11-24 22:55:50,408 - app.api.middleware.middleware - INFO - Outgoing response code: 200
2023-11-24 22:55:50,415 - app.api.middleware.middleware - INFO - Incoming request: POST /api/v1/register/
2023-11-24 22:55:50,784 - app.api.middleware.middleware - INFO - Outgoing response code: 201
2023-11-24 22:55:50,911 - app.api.middleware.middleware - INFO - Incoming request: POST /api/v1/login/
2023-11-24 22:55:51,411 - app.api.middleware.middleware - INFO - Incoming request: POST /api/v1/tasks/
2023-11-24 22:55:51,413 - app.api.middleware.middleware - INFO - Outgoing response code: 401
2023-11-24 22:55:51,423 - app.api.middleware.middleware - INFO - Incoming request: GET /api/v1/tasks/1
2023-11-24 22:55:51,425 - app.api.middleware.middleware - INFO - Outgoing response code: 401
2023-11-24 22:55:51,435 - app.api.middleware.middleware - INFO - Incoming request: GET /api/v1/tasks/999
2023-11-24 22:55:51,437 - app.api.middleware.middleware - INFO - Outgoing response code: 401
2023-11-24 22:56:20,821 - app.api.middleware.middleware - INFO - Incoming request: GET /
2023-11-24 22:56:20,854 - app.api.middleware.middleware - INFO - Outgoing response code: 200
2023-11-24 22:56:20,861 - app.api.middleware.middleware - INFO - Incoming request: POST /api/v1/register/
2023-11-24 22:56:21,211 - app.api.middleware.middleware - INFO - Outgoing response code: 201
2023-11-24 22:56:21,217 - app.api.middleware.middleware - INFO - Incoming request: POST /api/v1/login/
2023-11-24 22:56:21,770 - app.api.middleware.middleware - INFO - Incoming request: POST /api/v1/tasks/
2023-11-24 22:56:21,772 - app.api.middleware.middleware - INFO - Outgoing response code: 401
2023-11-24 22:56:21,782 - app.api.middleware.middleware - INFO - Incoming request: GET /api/v1/tasks/1
2023-11-24 22:56:21,783 - app.api.middleware.middleware - INFO - Outgoing response code: 401
2023-11-24 22:56:21,795 - app.api.middleware.middleware - INFO - Incoming request: GET /api/v1/tasks/999
2023-11-24 22:56:21,796 - app.api.middleware.middleware - INFO - Outgoing response code: 401
2023-11-24 23:11:48,706 - app.api.middleware.middleware - INFO - Incoming request: GET /
2023-11-24 23:11:48,743 - app.api.middleware.middleware - INFO - Outgoing response code: 200
2023-11-24 23:11:48,751 - app.api.middleware.middleware - INFO - Incoming request: POST /api/v1/register/
2023-11-24 23:11:49,114 - app.api.middleware.middleware - INFO - Outgoing response code: 201
2023-11-24 23:11:49,120 - app.api.middleware.middleware - INFO - Incoming request: POST /api/v1/login/
